Determining if the pthread_create exist failed with the following output:
Change Dir: /home/jdenoce/cs480/cs480DeNoce/computer-graphics/PA1/build/CMakeFiles/CMakeTmp

Run Build Command:/usr/bin/make "cmTryCompileExec304293795/fast"
/usr/bin/make -f CMakeFiles/cmTryCompileExec304293795.dir/build.make CMakeFiles/cmTryCompileExec304293795.dir/build
make[1]: Entering directory `/home/jdenoce/cs480/cs480DeNoce/computer-graphics/PA1/build/CMakeFiles/CMakeTmp'
/usr/bin/cmake -E cmake_progress_report /home/jdenoce/cs480/cs480DeNoce/computer-graphics/PA1/build/CMakeFiles/CMakeTmp/CMakeFiles 1
Building C object CMakeFiles/cmTryCompileExec304293795.dir/CheckSymbolExists.c.o
/usr/bin/cc    -o CMakeFiles/cmTryCompileExec304293795.dir/CheckSymbolExists.c.o   -c /home/jdenoce/cs480/cs480DeNoce/computer-graphics/PA1/build/CMakeFiles/CMakeTmp/CheckSymbolExists.c
Linking C executable cmTryCompileExec304293795
/usr/bin/cmake -E cmake_link_script CMakeFiles/cmTryCompileExec304293795.dir/link.txt --verbose=1
/usr/bin/cc       CMakeFiles/cmTryCompileExec304293795.dir/CheckSymbolExists.c.o  -o cmTryCompileExec304293795 -rdynamic 
CMakeFiles/cmTryCompileExec304293795.dir/CheckSymbolExists.c.o: In function `main':
CheckSymbolExists.c:(.text+0x16): undefined reference to `pthread_create'
collect2: error: ld returned 1 exit status
make[1]: Leaving directory `/home/jdenoce/cs480/cs480DeNoce/computer-graphics/PA1/build/CMakeFiles/CMakeTmp'
make[1]: *** [cmTryCompileExec304293795] Error 1
make: *** [cmTryCompileExec304293795/fast] Error 2

File /home/jdenoce/cs480/cs480DeNoce/computer-graphics/PA1/build/CMakeFiles/CMakeTmp/CheckSymbolExists.c:
/* */
#include <pthread.h>

int main(int argc, char** argv)
{
  (void)argv;
#ifndef pthread_create
  return ((int*)(&pthread_create))[argc];
#else
  (void)argc;
  return 0;
#endif
}

Determining if the function pthread_create exists in the pthreads failed with the following output:
Change Dir: /home/jdenoce/cs480/cs480DeNoce/computer-graphics/PA1/build/CMakeFiles/CMakeTmp

Run Build Command:/usr/bin/make "cmTryCompileExec2233671579/fast"
/usr/bin/make -f CMakeFiles/cmTryCompileExec2233671579.dir/build.make CMakeFiles/cmTryCompileExec2233671579.dir/build
make[1]: Entering directory `/home/jdenoce/cs480/cs480DeNoce/computer-graphics/PA1/build/CMakeFiles/CMakeTmp'
/usr/bin/cmake -E cmake_progress_report /home/jdenoce/cs480/cs480DeNoce/computer-graphics/PA1/build/CMakeFiles/CMakeTmp/CMakeFiles 1
Building C object CMakeFiles/cmTryCompileExec2233671579.dir/CheckFunctionExists.c.o
/usr/bin/cc   -DCHECK_FUNCTION_EXISTS=pthread_create   -o CMakeFiles/cmTryCompileExec2233671579.dir/CheckFunctionExists.c.o   -c /usr/share/cmake-2.8/Modules/CheckFunctionExists.c
Linking C executable cmTryCompileExec2233671579
/usr/bin/cmake -E cmake_link_script CMakeFiles/cmTryCompileExec2233671579.dir/link.txt --verbose=1
/usr/bin/cc   -DCHECK_FUNCTION_EXISTS=pthread_create    CMakeFiles/cmTryCompileExec2233671579.dir/CheckFunctionExists.c.o  -o cmTryCompileExec2233671579 -rdynamic -lpthreads 
/usr/bin/ld: cannot find -lpthreads
collect2: error: ld returned 1 exit status
make[1]: Leaving directory `/home/jdenoce/cs480/cs480DeNoce/computer-graphics/PA1/build/CMakeFiles/CMakeTmp'
make[1]: *** [cmTryCompileExec2233671579] Error 1
make: *** [cmTryCompileExec2233671579/fast] Error 2


